<?xml version="1.0" encoding="UTF-8"?>
<testng-results ignored="0" total="1" passed="1" failed="0" skipped="0">
  <reporter-output>
  </reporter-output>
  <suite started-at="2024-11-09T18:22:37 PST" name="Default suite" finished-at="2024-11-09T18:22:37 PST" duration-ms="89">
    <groups>
    </groups>
    <test started-at="2024-11-09T18:22:37 PST" name="Default test" finished-at="2024-11-09T18:22:37 PST" duration-ms="89">
      <class name="fb_test.priorityagain">
        <test-method is-config="true" signature="bc()[pri:0, instance:fb_test.priorityagain@23e84203]" started-at="2024-11-09T18:22:37 PST" name="bc" finished-at="2024-11-09T18:22:37 PST" duration-ms="16" status="PASS">
          <reporter-output>
          </reporter-output>
        </test-method> <!-- bc -->
        <test-method is-config="true" signature="bt()[pri:0, instance:fb_test.priorityagain@23e84203]" started-at="2024-11-09T18:22:37 PST" name="bt" finished-at="2024-11-09T18:22:37 PST" duration-ms="1" status="PASS">
          <reporter-output>
          </reporter-output>
        </test-method> <!-- bt -->
        <test-method signature="testcase1()[pri:0, instance:fb_test.priorityagain@23e84203]" started-at="2024-11-09T18:22:37 PST" name="testcase1" finished-at="2024-11-09T18:22:37 PST" duration-ms="20" status="PASS">
          <reporter-output>
          </reporter-output>
        </test-method> <!-- testcase1 -->
        <test-method is-config="true" signature="test()[pri:0, instance:fb_test.priorityagain@23e84203]" started-at="2024-11-09T18:22:37 PST" name="test" finished-at="2024-11-09T18:22:37 PST" duration-ms="2" status="PASS">
          <reporter-output>
          </reporter-output>
        </test-method> <!-- test -->
        <test-method is-config="true" signature="as()[pri:0, instance:fb_test.priorityagain@23e84203]" started-at="2024-11-09T18:22:38 PST" name="as" finished-at="2024-11-09T18:22:38 PST" duration-ms="0" status="PASS">
          <reporter-output>
          </reporter-output>
        </test-method> <!-- as -->
      </class> <!-- fb_test.priorityagain -->
    </test> <!-- Default test -->
  </suite> <!-- Default suite -->
</testng-results>
