# JRE version: OpenJDK Runtime Environment Temurin-23.0.1+11 (23.0.1+11) (build 23.0.1+11)
# Java VM: OpenJDK 64-Bit Server VM Temurin-23.0.1+11 (23.0.1+11, mixed mode, sharing, tiered, compressed oops, compressed class ptrs, g1 gc, bsd-amd64)
Heap:
 garbage-first heap   total reserved 2097152K, committed 370688K, used 355059K [0x0000000080000000, 0x0000000100000000)
  region size 1024K, 178 young (182272K), 7 survivors (7168K)
 Metaspace       used 109971K, committed 112960K, reserved 1179648K
  class space    used 13603K, committed 14784K, reserved 1048576K
GC Heap History (20 events):
Event: 29.370 GC heap before
{Heap before GC invocations=27 (full 0):
 garbage-first heap   total reserved 2097152K, committed 308224K, used 306191K [0x0000000080000000, 0x0000000100000000)
  region size 1024K, 143 young (146432K), 4 survivors (4096K)
 Metaspace       used 107655K, committed 110592K, reserved 1179648K
  class space    used 13371K, committed 14528K, reserved 1048576K
}
Event: 29.375 GC heap after
{Heap after GC invocations=28 (full 0):
 garbage-first heap   total reserved 2097152K, committed 311296K, used 138867K [0x0000000080000000, 0x0000000100000000)
  region size 1024K, 3 young (3072K), 3 survivors (3072K)
 Metaspace       used 107655K, committed 110592K, reserved 1179648K
  class space    used 13371K, committed 14528K, reserved 1048576K
}
Event: 29.421 GC heap before
{Heap before GC invocations=28 (full 0):
 garbage-first heap   total reserved 2097152K, committed 311296K, used 309875K [0x0000000080000000, 0x0000000100000000)
  region size 1024K, 97 young (99328K), 3 survivors (3072K)
 Metaspace       used 107658K, committed 110592K, reserved 1179648K
  class space    used 13371K, committed 14528K, reserved 1048576K
}
Event: 29.428 GC heap after
{Heap after GC invocations=29 (full 0):
 garbage-first heap   total reserved 2097152K, committed 317440K, used 129753K [0x0000000080000000, 0x0000000100000000)
  region size 1024K, 3 young (3072K), 3 survivors (3072K)
 Metaspace       used 107658K, committed 110592K, reserved 1179648K
  class space    used 13371K, committed 14528K, reserved 1048576K
}
Event: 29.440 GC heap before
{Heap before GC invocations=29 (full 0):
 garbage-first heap   total reserved 2097152K, committed 317440K, used 132825K [0x0000000080000000, 0x0000000100000000)
  region size 1024K, 7 young (7168K), 3 survivors (3072K)
 Metaspace       used 107658K, committed 110592K, reserved 1179648K
  class space    used 13371K, committed 14528K, reserved 1048576K
}
Event: 29.443 GC heap after
{Heap after GC invocations=30 (full 0):
 garbage-first heap   total reserved 2097152K, committed 317440K, used 129015K [0x0000000080000000, 0x0000000100000000)
  region size 1024K, 3 young (3072K), 3 survivors (3072K)
 Metaspace       used 107658K, committed 110592K, reserved 1179648K
  class space    used 13371K, committed 14528K, reserved 1048576K
}
Event: 29.859 GC heap before
{Heap before GC invocations=31 (full 0):
 garbage-first heap   total reserved 2097152K, committed 330752K, used 328695K [0x0000000080000000, 0x0000000100000000)
  region size 1024K, 78 young (79872K), 3 survivors (3072K)
 Metaspace       used 107667K, committed 110592K, reserved 1179648K
  class space    used 13371K, committed 14528K, reserved 1048576K
}
Event: 29.863 GC heap after
{Heap after GC invocations=32 (full 0):
 garbage-first heap   total reserved 2097152K, committed 333824K, used 125427K [0x0000000080000000, 0x0000000100000000)
  region size 1024K, 3 young (3072K), 3 survivors (3072K)
 Metaspace       used 107667K, committed 110592K, reserved 1179648K
  class space    used 13371K, committed 14528K, reserved 1048576K
}
Event: 30.101 GC heap before
{Heap before GC invocations=32 (full 0):
 garbage-first heap   total reserved 2097152K, committed 333824K, used 332275K [0x0000000080000000, 0x0000000100000000)
  region size 1024K, 163 young (166912K), 3 survivors (3072K)
 Metaspace       used 107722K, committed 110656K, reserved 1179648K
  class space    used 13378K, committed 14528K, reserved 1048576K
}
Event: 30.105 GC heap after
{Heap after GC invocations=33 (full 0):
 garbage-first heap   total reserved 2097152K, committed 339968K, used 132978K [0x0000000080000000, 0x0000000100000000)
  region size 1024K, 4 young (4096K), 4 survivors (4096K)
 Metaspace       used 107722K, committed 110656K, reserved 1179648K
  class space    used 13378K, committed 14528K, reserved 1048576K
}
Event: 30.108 GC heap before
{Heap before GC invocations=33 (full 0):
 garbage-first heap   total reserved 2097152K, committed 339968K, used 136050K [0x0000000080000000, 0x0000000100000000)
  region size 1024K, 5 young (5120K), 4 survivors (4096K)
 Metaspace       used 107722K, committed 110656K, reserved 1179648K
  class space    used 13378K, committed 14528K, reserved 1048576K
}
Event: 30.111 GC heap after
{Heap after GC invocations=34 (full 0):
 garbage-first heap   total reserved 2097152K, committed 339968K, used 129431K [0x0000000080000000, 0x0000000100000000)
  region size 1024K, 5 young (5120K), 5 survivors (5120K)
 Metaspace       used 107722K, committed 110656K, reserved 1179648K
  class space    used 13378K, committed 14528K, reserved 1048576K
}
Event: 30.273 GC heap before
{Heap before GC invocations=35 (full 0):
 garbage-first heap   total reserved 2097152K, committed 343040K, used 340375K [0x0000000080000000, 0x0000000100000000)
  region size 1024K, 92 young (94208K), 5 survivors (5120K)
 Metaspace       used 107724K, committed 110656K, reserved 1179648K
  class space    used 13378K, committed 14528K, reserved 1048576K
}
Event: 30.277 GC heap after
{Heap after GC invocations=36 (full 0):
 garbage-first heap   total reserved 2097152K, committed 347136K, used 129047K [0x0000000080000000, 0x0000000100000000)
  region size 1024K, 4 young (4096K), 4 survivors (4096K)
 Metaspace       used 107724K, committed 110656K, reserved 1179648K
  class space    used 13378K, committed 14528K, reserved 1048576K
}
Event: 30.749 GC heap before
{Heap before GC invocations=36 (full 0):
 garbage-first heap   total reserved 2097152K, committed 347136K, used 345111K [0x0000000080000000, 0x0000000100000000)
  region size 1024K, 142 young (145408K), 4 survivors (4096K)
 Metaspace       used 107825K, committed 110720K, reserved 1179648K
  class space    used 13387K, committed 14528K, reserved 1048576K
}
Event: 30.759 GC heap after
{Heap after GC invocations=37 (full 0):
 garbage-first heap   total reserved 2097152K, committed 356352K, used 127101K [0x0000000080000000, 0x0000000100000000)
  region size 1024K, 6 young (6144K), 6 survivors (6144K)
 Metaspace       used 107825K, committed 110720K, reserved 1179648K
  class space    used 13387K, committed 14528K, reserved 1048576K
}
Event: 30.774 GC heap before
{Heap before GC invocations=37 (full 0):
 garbage-first heap   total reserved 2097152K, committed 356352K, used 130173K [0x0000000080000000, 0x0000000100000000)
  region size 1024K, 10 young (10240K), 6 survivors (6144K)
 Metaspace       used 107827K, committed 110720K, reserved 1179648K
  class space    used 13387K, committed 14528K, reserved 1048576K
}
Event: 30.778 GC heap after
{Heap after GC invocations=38 (full 0):
 garbage-first heap   total reserved 2097152K, committed 356352K, used 123635K [0x0000000080000000, 0x0000000100000000)
  region size 1024K, 6 young (6144K), 6 survivors (6144K)
 Metaspace       used 107827K, committed 110720K, reserved 1179648K
  class space    used 13387K, committed 14528K, reserved 1048576K
}
Event: 31.345 GC heap before
{Heap before GC invocations=39 (full 0):
 garbage-first heap   total reserved 2097152K, committed 363520K, used 361203K [0x0000000080000000, 0x0000000100000000)
  region size 1024K, 131 young (134144K), 6 survivors (6144K)
 Metaspace       used 107878K, committed 110720K, reserved 1179648K
  class space    used 13392K, committed 14528K, reserved 1048576K
}
Event: 31.350 GC heap after
{Heap after GC invocations=40 (full 0):
 garbage-first heap   total reserved 2097152K, committed 370688K, used 127656K [0x0000000080000000, 0x0000000100000000)
  region size 1024K, 7 young (7168K), 7 survivors (7168K)
 Metaspace       used 107878K, committed 110720K, reserved 1179648K
  class space    used 13392K, committed 14528K, reserved 1048576K
}

