<?xml version="1.0" encoding="UTF-8"?>
<!-- Generated by org.testng.reporters.JUnitXMLReporter -->
<testsuite ignored="0" hostname="MacBookPro" failures="0" tests="2" name="Test" time="277.363" errors="0" timestamp="2024-12-21T11:10:10 PST">
  <testcase classname="asssignment67_crossbrowsertesting.Amazon_AddProduct_To_WishList" name="AddToWishList" time="161.674"/>
  <testcase classname="asssignment67_crossbrowsertesting.Amazon_Search_Product" name="SearchProduct" time="76.746"/>
</testsuite> <!-- Test -->
