<?xml version="1.0" encoding="UTF-8"?>
<testng-results ignored="0" total="1" passed="1" failed="0" skipped="0">
  <reporter-output>
  </reporter-output>
  <suite started-at="2025-02-22T08:33:33 PST" name="Default suite" finished-at="2025-02-22T08:33:55 PST" duration-ms="21804">
    <groups>
    </groups>
    <test started-at="2025-02-22T08:33:33 PST" name="Default test" finished-at="2025-02-22T08:33:55 PST" duration-ms="21804">
      <class name="fb_test.Login_Searching">
        <test-method signature="login_to_facebook_with_valid_data()[pri:0, instance:fb_test.Login_Searching@26abb146]" started-at="2025-02-22T08:33:33 PST" name="login_to_facebook_with_valid_data" finished-at="2025-02-22T08:33:55 PST" duration-ms="21712" status="PASS">
          <reporter-output>
          </reporter-output>
        </test-method> <!-- login_to_facebook_with_valid_data -->
      </class> <!-- fb_test.Login_Searching -->
    </test> <!-- Default test -->
  </suite> <!-- Default suite -->
</testng-results>
