<?xml version="1.0" encoding="UTF-8"?>
<testng-results ignored="0" total="2" passed="2" failed="0" skipped="0">
  <reporter-output>
  </reporter-output>
  <suite started-at="2024-10-17T11:14:04 PDT" name="Default suite" finished-at="2024-10-17T11:14:04 PDT" duration-ms="91">
    <groups>
    </groups>
    <test started-at="2024-10-17T11:14:04 PDT" name="Default test" finished-at="2024-10-17T11:14:04 PDT" duration-ms="91">
      <class name="TestNg.Assignment51_Annotations_Method_Two_Test">
        <test-method is-config="true" signature="bMethod()[pri:0, instance:TestNg.Assignment51_Annotations_Method_Two_Test@1b2abca6]" started-at="2024-10-17T11:14:04 PDT" name="bMethod" finished-at="2024-10-17T11:14:04 PDT" duration-ms="7" status="PASS">
          <reporter-output>
          </reporter-output>
        </test-method> <!-- bMethod -->
        <test-method signature="test()[pri:0, instance:TestNg.Assignment51_Annotations_Method_Two_Test@1b2abca6]" started-at="2024-10-17T11:14:04 PDT" name="test" finished-at="2024-10-17T11:14:04 PDT" duration-ms="8" status="PASS">
          <reporter-output>
          </reporter-output>
        </test-method> <!-- test -->
        <test-method is-config="true" signature="bMethod()[pri:0, instance:TestNg.Assignment51_Annotations_Method_Two_Test@1b2abca6]" started-at="2024-10-17T11:14:04 PDT" name="bMethod" finished-at="2024-10-17T11:14:04 PDT" duration-ms="2" status="PASS">
          <reporter-output>
          </reporter-output>
        </test-method> <!-- bMethod -->
        <test-method signature="test1()[pri:0, instance:TestNg.Assignment51_Annotations_Method_Two_Test@1b2abca6]" started-at="2024-10-17T11:14:04 PDT" name="test1" finished-at="2024-10-17T11:14:04 PDT" duration-ms="2" status="PASS">
          <reporter-output>
          </reporter-output>
        </test-method> <!-- test1 -->
      </class> <!-- TestNg.Assignment51_Annotations_Method_Two_Test -->
    </test> <!-- Default test -->
  </suite> <!-- Default suite -->
</testng-results>
