<?xml version="1.0" encoding="UTF-8"?>
<testng-results ignored="0" total="1" passed="1" failed="0" skipped="0">
  <reporter-output>
  </reporter-output>
  <suite started-at="2024-10-17T10:35:18 PDT" name="Default suite" finished-at="2024-10-17T10:35:18 PDT" duration-ms="64">
    <groups>
    </groups>
    <test started-at="2024-10-17T10:35:18 PDT" name="Default test" finished-at="2024-10-17T10:35:18 PDT" duration-ms="64">
      <class name="testNg.Assignment44_Annotations">
        <test-method is-config="true" signature="bSuite()[pri:0, instance:testNg.Assignment44_Annotations@1caa0244]" started-at="2024-10-17T10:35:18 PDT" name="bSuite" finished-at="2024-10-17T10:35:18 PDT" duration-ms="20" status="PASS">
          <reporter-output>
          </reporter-output>
        </test-method> <!-- bSuite -->
        <test-method is-config="true" signature="bTest()[pri:0, instance:testNg.Assignment44_Annotations@1caa0244]" started-at="2024-10-17T10:35:18 PDT" name="bTest" finished-at="2024-10-17T10:35:18 PDT" duration-ms="0" status="PASS">
          <reporter-output>
          </reporter-output>
        </test-method> <!-- bTest -->
        <test-method is-config="true" signature="bClass()[pri:0, instance:testNg.Assignment44_Annotations@1caa0244]" started-at="2024-10-17T10:35:18 PDT" name="bClass" finished-at="2024-10-17T10:35:18 PDT" duration-ms="1" status="PASS">
          <reporter-output>
          </reporter-output>
        </test-method> <!-- bClass -->
        <test-method is-config="true" signature="bMethod()[pri:0, instance:testNg.Assignment44_Annotations@1caa0244]" started-at="2024-10-17T10:35:18 PDT" name="bMethod" finished-at="2024-10-17T10:35:18 PDT" duration-ms="1" status="PASS">
          <reporter-output>
          </reporter-output>
        </test-method> <!-- bMethod -->
        <test-method signature="testCase1()[pri:0, instance:testNg.Assignment44_Annotations@1caa0244]" started-at="2024-10-17T10:35:18 PDT" name="testCase1" finished-at="2024-10-17T10:35:18 PDT" duration-ms="8" status="PASS">
          <reporter-output>
          </reporter-output>
        </test-method> <!-- testCase1 -->
        <test-method is-config="true" signature="aMethod()[pri:0, instance:testNg.Assignment44_Annotations@1caa0244]" started-at="2024-10-17T10:35:18 PDT" name="aMethod" finished-at="2024-10-17T10:35:18 PDT" duration-ms="0" status="PASS">
          <reporter-output>
          </reporter-output>
        </test-method> <!-- aMethod -->
        <test-method is-config="true" signature="aTest()[pri:0, instance:testNg.Assignment44_Annotations@1caa0244]" started-at="2024-10-17T10:35:18 PDT" name="aTest" finished-at="2024-10-17T10:35:18 PDT" duration-ms="1" status="PASS">
          <reporter-output>
          </reporter-output>
        </test-method> <!-- aTest -->
        <test-method is-config="true" signature="aSuite()[pri:0, instance:testNg.Assignment44_Annotations@1caa0244]" started-at="2024-10-17T10:35:19 PDT" name="aSuite" finished-at="2024-10-17T10:35:19 PDT" duration-ms="6" status="PASS">
          <reporter-output>
          </reporter-output>
        </test-method> <!-- aSuite -->
      </class> <!-- testNg.Assignment44_Annotations -->
    </test> <!-- Default test -->
  </suite> <!-- Default suite -->
</testng-results>
