<?xml version="1.0" encoding="UTF-8"?>
<!-- Generated by org.testng.reporters.JUnitXMLReporter -->
<testsuite ignored="0" hostname="MacBookPro" failures="0" tests="2" name="Test" time="120.935" errors="0" timestamp="2024-11-13T09:27:01 PST">
  <testcase classname="asssignment67_crossbrowsertesting.Amazon_AddProduct_To_WishList" name="AddToWishList" time="49.054"/>
  <testcase classname="asssignment67_crossbrowsertesting.Amazon_Search_Product" name="SearchProduct" time="35.824"/>
</testsuite> <!-- Test -->
