<?xml version="1.0" encoding="UTF-8"?>
<!-- Generated by org.testng.reporters.JUnitXMLReporter -->
<testsuite ignored="0" hostname="MacBookPro" failures="0" tests="2" name="Testing on Safari" time="24.012" errors="0" timestamp="2024-10-28T10:29:00 PDT">
  <testcase classname="Testingng.Testcase1" name="logibn_to_amazon" time="0.0">
    <skipped/>
  </testcase> <!-- logibn_to_amazon -->
  <testcase classname="Testingng.Testcase2" name="Searchamazon" time="0.001">
    <skipped/>
  </testcase> <!-- Searchamazon -->
</testsuite> <!-- Testing on Safari -->
